<?xml version="1.0" encoding="UTF-8"?>
<testng-results skipped="0" failed="0" ignored="0" total="0" passed="0">
  <reporter-output>
  </reporter-output>
  <suite name="Default suite" duration-ms="1344" started-at="2020-03-20T07:12:07Z" finished-at="2020-03-20T07:12:09Z">
    <groups>
      <group name="cucumber">
        <method signature="AbstractTestNGCucumberTests.runScenario(io.cucumber.testng.PickleWrapper, io.cucumber.testng.FeatureWrapper)[pri:0, instance:cucumberMavenPack.TestRunner2@4bcaa195]" name="runScenario" class="io.cucumber.testng.AbstractTestNGCucumberTests"/>
      </group> <!-- cucumber -->
    </groups>
    <test name="Default test" duration-ms="1344" started-at="2020-03-20T07:12:07Z" finished-at="2020-03-20T07:12:09Z">
      <class name="cucumberMavenPack.TestRunner2">
        <test-method status="FAIL" signature="setUpClass()[pri:0, instance:cucumberMavenPack.TestRunner2@4bcaa195]" name="setUpClass" is-config="true" duration-ms="1094" started-at="2020-03-20T07:12:08Z" finished-at="2020-03-20T07:12:09Z">
          <exception class="io.cucumber.core.exception.CucumberException">
            <message>
              <![CDATA[Couldn't load plugin class: ru.yandex.qatools.allure.cucumberjvm.AllureReporter. It does not implement io.cucumber.plugin.Plugin]]>
            </message>
            <full-stacktrace>
              <![CDATA[io.cucumber.core.exception.CucumberException: Couldn't load plugin class: ru.yandex.qatools.allure.cucumberjvm.AllureReporter. It does not implement io.cucumber.plugin.Plugin
at io.cucumber.core.options.PluginOption.loadClass(PluginOption.java:102)
at io.cucumber.core.options.PluginOption.parsePluginName(PluginOption.java:89)
at io.cucumber.core.options.PluginOption.parse(PluginOption.java:73)
at io.cucumber.core.options.RuntimeOptionsBuilder$ParsedPluginData.addPluginName(RuntimeOptionsBuilder.java:217)
at io.cucumber.core.options.RuntimeOptionsBuilder.addPluginName(RuntimeOptionsBuilder.java:60)
at io.cucumber.core.options.RuntimeOptionsParser.parse(RuntimeOptionsParser.java:177)
at io.cucumber.core.options.CucumberPropertiesParser.parseCucumberOptions(CucumberPropertiesParser.java:209)
at io.cucumber.core.options.CucumberPropertiesParser.parse(CucumberPropertiesParser.java:79)
at io.cucumber.testng.TestNGCucumberRunner.<init>(TestNGCucumberRunner.java:88)
at io.cucumber.testng.AbstractTestNGCucumberTests.setUpClass(AbstractTestNGCucumberTests.java:22)
at sun.reflect.NativeMethodAccessorImpl.invoke0(Native Method)
at sun.reflect.NativeMethodAccessorImpl.invoke(NativeMethodAccessorImpl.java:62)
at sun.reflect.DelegatingMethodAccessorImpl.invoke(DelegatingMethodAccessorImpl.java:43)
at java.lang.reflect.Method.invoke(Method.java:498)
at org.testng.internal.MethodInvocationHelper.invokeMethod(MethodInvocationHelper.java:124)
at org.testng.internal.MethodInvocationHelper.invokeMethodConsideringTimeout(MethodInvocationHelper.java:59)
at org.testng.internal.Invoker.invokeConfigurationMethod(Invoker.java:455)
at org.testng.internal.Invoker.invokeConfigurations(Invoker.java:222)
at org.testng.internal.Invoker.invokeConfigurations(Invoker.java:142)
at org.testng.internal.TestMethodWorker.invokeBeforeClassMethods(TestMethodWorker.java:168)
at org.testng.internal.TestMethodWorker.run(TestMethodWorker.java:105)
at org.testng.TestRunner.privateRun(TestRunner.java:648)
at org.testng.TestRunner.run(TestRunner.java:505)
at org.testng.SuiteRunner.runTest(SuiteRunner.java:455)
at org.testng.SuiteRunner.runSequentially(SuiteRunner.java:450)
at org.testng.SuiteRunner.privateRun(SuiteRunner.java:415)
at org.testng.SuiteRunner.run(SuiteRunner.java:364)
at org.testng.SuiteRunnerWorker.runSuite(SuiteRunnerWorker.java:52)
at org.testng.SuiteRunnerWorker.run(SuiteRunnerWorker.java:84)
at org.testng.TestNG.runSuitesSequentially(TestNG.java:1208)
at org.testng.TestNG.runSuitesLocally(TestNG.java:1137)
at org.testng.TestNG.runSuites(TestNG.java:1049)
at org.testng.TestNG.run(TestNG.java:1017)
at org.testng.remote.AbstractRemoteTestNG.run(AbstractRemoteTestNG.java:114)
at org.testng.remote.RemoteTestNG.initAndRun(RemoteTestNG.java:251)
at org.testng.remote.RemoteTestNG.main(RemoteTestNG.java:77)
]]>
            </full-stacktrace>
          </exception> <!-- io.cucumber.core.exception.CucumberException -->
          <reporter-output>
          </reporter-output>
        </test-method> <!-- setUpClass -->
        <test-method status="PASS" signature="tearDownClass()[pri:0, instance:cucumberMavenPack.TestRunner2@4bcaa195]" name="tearDownClass" is-config="true" duration-ms="0" started-at="2020-03-20T07:12:09Z" finished-at="2020-03-20T07:12:09Z">
          <reporter-output>
          </reporter-output>
        </test-method> <!-- tearDownClass -->
      </class> <!-- cucumberMavenPack.TestRunner2 -->
    </test> <!-- Default test -->
  </suite> <!-- Default suite -->
</testng-results>
